2025-11-08 09:10:59 error: [Cake\Http\Exception\MissingControllerException] Controller class Fonts could not be found. in E:\NOAHS CODING PROJECTS\MonashRadiology\MonashHealth-Radiology-Student-Study-Site\vendor\cakephp\cakephp\src\Controller\ControllerFactory.php on line 348
Exception Attributes: array (
  'controller' => 'Fonts',
  'plugin' => NULL,
  'prefix' => NULL,
  '_ext' => NULL,
  'class' => 'Fonts',
)
Stack Trace:
- E:\NOAHS CODING PROJECTS\MonashRadiology\MonashHealth-Radiology-Student-Study-Site\vendor\cakephp\cakephp\src\Controller\ControllerFactory.php:74
- E:\NOAHS CODING PROJECTS\MonashRadiology\MonashHealth-Radiology-Student-Study-Site\vendor\cakephp\cakephp\src\Http\BaseApplication.php:318
- E:\NOAHS CODING PROJECTS\MonashRadiology\MonashHealth-Radiology-Student-Study-Site\vendor\cakephp\cakephp\src\Http\Runner.php:86
- E:\NOAHS CODING PROJECTS\MonashRadiology\MonashHealth-Radiology-Student-Study-Site\vendor\cakephp\authentication\src\Middleware\AuthenticationMiddleware.php:124
- E:\NOAHS CODING PROJECTS\MonashRadiology\MonashHealth-Radiology-Student-Study-Site\vendor\cakephp\cakephp\src\Http\Runner.php:82
- E:\NOAHS CODING PROJECTS\MonashRadiology\MonashHealth-Radiology-Student-Study-Site\vendor\cakephp\cakephp\src\Http\Middleware\CsrfProtectionMiddleware.php:174
- E:\NOAHS CODING PROJECTS\MonashRadiology\MonashHealth-Radiology-Student-Study-Site\vendor\cakephp\cakephp\src\Http\Runner.php:82
- E:\NOAHS CODING PROJECTS\MonashRadiology\MonashHealth-Radiology-Student-Study-Site\vendor\cakephp\cakephp\src\Http\Middleware\BodyParserMiddleware.php:157
- E:\NOAHS CODING PROJECTS\MonashRadiology\MonashHealth-Radiology-Student-Study-Site\vendor\cakephp\cakephp\src\Http\Runner.php:82
- E:\NOAHS CODING PROJECTS\MonashRadiology\MonashHealth-Radiology-Student-Study-Site\vendor\cakephp\cakephp\src\Routing\Middleware\RoutingMiddleware.php:186
- E:\NOAHS CODING PROJECTS\MonashRadiology\MonashHealth-Radiology-Student-Study-Site\vendor\cakephp\cakephp\src\Http\Runner.php:82
- E:\NOAHS CODING PROJECTS\MonashRadiology\MonashHealth-Radiology-Student-Study-Site\vendor\cakephp\cakephp\src\Routing\Middleware\AssetMiddleware.php:77
- E:\NOAHS CODING PROJECTS\MonashRadiology\MonashHealth-Radiology-Student-Study-Site\vendor\cakephp\cakephp\src\Http\Runner.php:82
- E:\NOAHS CODING PROJECTS\MonashRadiology\MonashHealth-Radiology-Student-Study-Site\vendor\cakephp\cakephp\src\Error\Middleware\ErrorHandlerMiddleware.php:131
- E:\NOAHS CODING PROJECTS\MonashRadiology\MonashHealth-Radiology-Student-Study-Site\vendor\cakephp\cakephp\src\Http\Runner.php:82
- E:\NOAHS CODING PROJECTS\MonashRadiology\MonashHealth-Radiology-Student-Study-Site\vendor\cakephp\debug_kit\src\Middleware\DebugKitMiddleware.php:60
- E:\NOAHS CODING PROJECTS\MonashRadiology\MonashHealth-Radiology-Student-Study-Site\vendor\cakephp\cakephp\src\Http\Runner.php:82
- E:\NOAHS CODING PROJECTS\MonashRadiology\MonashHealth-Radiology-Student-Study-Site\vendor\cakephp\cakephp\src\Http\Runner.php:67
- E:\NOAHS CODING PROJECTS\MonashRadiology\MonashHealth-Radiology-Student-Study-Site\vendor\cakephp\cakephp\src\Http\Server.php:90
- E:\NOAHS CODING PROJECTS\MonashRadiology\MonashHealth-Radiology-Student-Study-Site\webroot\index.php:40

Request URL: /fonts/poppins/Poppins-Regular.ttf
Referer URL: http://localhost:8765/css/main-login.css
2025-11-08 09:12:13 error: [Cake\Database\Exception\MissingConnectionException] Connection to Mysql could not be established: SQLSTATE[HY000] [1045] Access denied for user 'my_app'@'localhost' (using password: YES) in E:\NOAHS CODING PROJECTS\MonashRadiology\MonashHealth-Radiology-Student-Study-Site\vendor\cakephp\cakephp\src\Database\Driver.php on line 133
Exception Attributes: array (
  'driver' => 'Mysql',
  'reason' => 'SQLSTATE[HY000] [1045] Access denied for user \'my_app\'@\'localhost\' (using password: YES)',
)
Stack Trace:
- E:\NOAHS CODING PROJECTS\MonashRadiology\MonashHealth-Radiology-Student-Study-Site\vendor\cakephp\cakephp\src\Database\Driver\Mysql.php:164
- E:\NOAHS CODING PROJECTS\MonashRadiology\MonashHealth-Radiology-Student-Study-Site\vendor\cakephp\cakephp\src\Database\Schema\SchemaDialect.php:51
- E:\NOAHS CODING PROJECTS\MonashRadiology\MonashHealth-Radiology-Student-Study-Site\vendor\cakephp\cakephp\src\Database\Driver\Mysql.php:216
- E:\NOAHS CODING PROJECTS\MonashRadiology\MonashHealth-Radiology-Student-Study-Site\vendor\cakephp\cakephp\src\Database\Schema\Collection.php:53
- E:\NOAHS CODING PROJECTS\MonashRadiology\MonashHealth-Radiology-Student-Study-Site\vendor\cakephp\cakephp\src\Database\Connection.php:418
- E:\NOAHS CODING PROJECTS\MonashRadiology\MonashHealth-Radiology-Student-Study-Site\vendor\cakephp\cakephp\src\ORM\Table.php:520
- E:\NOAHS CODING PROJECTS\MonashRadiology\MonashHealth-Radiology-Student-Study-Site\vendor\cakephp\cakephp\src\ORM\Query.php:290
- E:\NOAHS CODING PROJECTS\MonashRadiology\MonashHealth-Radiology-Student-Study-Site\vendor\cakephp\cakephp\src\ORM\Query.php:184
- E:\NOAHS CODING PROJECTS\MonashRadiology\MonashHealth-Radiology-Student-Study-Site\vendor\cakephp\cakephp\src\ORM\Table.php:1700
- E:\NOAHS CODING PROJECTS\MonashRadiology\MonashHealth-Radiology-Student-Study-Site\vendor\cakephp\authentication\src\Identifier\Resolver\OrmResolver.php:59
- E:\NOAHS CODING PROJECTS\MonashRadiology\MonashHealth-Radiology-Student-Study-Site\vendor\cakephp\authentication\src\Identifier\PasswordIdentifier.php:157
- E:\NOAHS CODING PROJECTS\MonashRadiology\MonashHealth-Radiology-Student-Study-Site\vendor\cakephp\authentication\src\Identifier\PasswordIdentifier.php:99
- E:\NOAHS CODING PROJECTS\MonashRadiology\MonashHealth-Radiology-Student-Study-Site\vendor\cakephp\authentication\src\Identifier\IdentifierCollection.php:52
- E:\NOAHS CODING PROJECTS\MonashRadiology\MonashHealth-Radiology-Student-Study-Site\vendor\cakephp\authentication\src\Authenticator\FormAuthenticator.php:131
- E:\NOAHS CODING PROJECTS\MonashRadiology\MonashHealth-Radiology-Student-Study-Site\vendor\cakephp\authentication\src\AuthenticationService.php:184
- E:\NOAHS CODING PROJECTS\MonashRadiology\MonashHealth-Radiology-Student-Study-Site\vendor\cakephp\authentication\src\Middleware\AuthenticationMiddleware.php:105
- E:\NOAHS CODING PROJECTS\MonashRadiology\MonashHealth-Radiology-Student-Study-Site\vendor\cakephp\cakephp\src\Http\Runner.php:82
- E:\NOAHS CODING PROJECTS\MonashRadiology\MonashHealth-Radiology-Student-Study-Site\vendor\cakephp\cakephp\src\Http\Middleware\CsrfProtectionMiddleware.php:174
- E:\NOAHS CODING PROJECTS\MonashRadiology\MonashHealth-Radiology-Student-Study-Site\vendor\cakephp\cakephp\src\Http\Runner.php:82
- E:\NOAHS CODING PROJECTS\MonashRadiology\MonashHealth-Radiology-Student-Study-Site\vendor\cakephp\cakephp\src\Http\Middleware\BodyParserMiddleware.php:162
- E:\NOAHS CODING PROJECTS\MonashRadiology\MonashHealth-Radiology-Student-Study-Site\vendor\cakephp\cakephp\src\Http\Runner.php:82
- E:\NOAHS CODING PROJECTS\MonashRadiology\MonashHealth-Radiology-Student-Study-Site\vendor\cakephp\cakephp\src\Routing\Middleware\RoutingMiddleware.php:186
- E:\NOAHS CODING PROJECTS\MonashRadiology\MonashHealth-Radiology-Student-Study-Site\vendor\cakephp\cakephp\src\Http\Runner.php:82
- E:\NOAHS CODING PROJECTS\MonashRadiology\MonashHealth-Radiology-Student-Study-Site\vendor\cakephp\cakephp\src\Routing\Middleware\AssetMiddleware.php:68
- E:\NOAHS CODING PROJECTS\MonashRadiology\MonashHealth-Radiology-Student-Study-Site\vendor\cakephp\cakephp\src\Http\Runner.php:82
- E:\NOAHS CODING PROJECTS\MonashRadiology\MonashHealth-Radiology-Student-Study-Site\vendor\cakephp\cakephp\src\Error\Middleware\ErrorHandlerMiddleware.php:131
- E:\NOAHS CODING PROJECTS\MonashRadiology\MonashHealth-Radiology-Student-Study-Site\vendor\cakephp\cakephp\src\Http\Runner.php:82
- E:\NOAHS CODING PROJECTS\MonashRadiology\MonashHealth-Radiology-Student-Study-Site\vendor\cakephp\debug_kit\src\Middleware\DebugKitMiddleware.php:60
- E:\NOAHS CODING PROJECTS\MonashRadiology\MonashHealth-Radiology-Student-Study-Site\vendor\cakephp\cakephp\src\Http\Runner.php:82
- E:\NOAHS CODING PROJECTS\MonashRadiology\MonashHealth-Radiology-Student-Study-Site\vendor\cakephp\cakephp\src\Http\Runner.php:67
- E:\NOAHS CODING PROJECTS\MonashRadiology\MonashHealth-Radiology-Student-Study-Site\vendor\cakephp\cakephp\src\Http\Server.php:90
- E:\NOAHS CODING PROJECTS\MonashRadiology\MonashHealth-Radiology-Student-Study-Site\webroot\index.php:40

Caused by: [PDOException] SQLSTATE[HY000] [1045] Access denied for user 'my_app'@'localhost' (using password: YES) in E:\NOAHS CODING PROJECTS\MonashRadiology\MonashHealth-Radiology-Student-Study-Site\vendor\cakephp\cakephp\src\Database\Driver.php on line 125
Stack Trace:
- E:\NOAHS CODING PROJECTS\MonashRadiology\MonashHealth-Radiology-Student-Study-Site\vendor\cakephp\cakephp\src\Database\Driver.php:125
- E:\NOAHS CODING PROJECTS\MonashRadiology\MonashHealth-Radiology-Student-Study-Site\vendor\cakephp\cakephp\src\Core\Retry\CommandRetry.php:70
- E:\NOAHS CODING PROJECTS\MonashRadiology\MonashHealth-Radiology-Student-Study-Site\vendor\cakephp\cakephp\src\Database\Driver.php:131
- E:\NOAHS CODING PROJECTS\MonashRadiology\MonashHealth-Radiology-Student-Study-Site\vendor\cakephp\cakephp\src\Database\Driver\Mysql.php:164
- E:\NOAHS CODING PROJECTS\MonashRadiology\MonashHealth-Radiology-Student-Study-Site\vendor\cakephp\cakephp\src\Database\Schema\SchemaDialect.php:51
- E:\NOAHS CODING PROJECTS\MonashRadiology\MonashHealth-Radiology-Student-Study-Site\vendor\cakephp\cakephp\src\Database\Driver\Mysql.php:216
- E:\NOAHS CODING PROJECTS\MonashRadiology\MonashHealth-Radiology-Student-Study-Site\vendor\cakephp\cakephp\src\Database\Schema\Collection.php:53
- E:\NOAHS CODING PROJECTS\MonashRadiology\MonashHealth-Radiology-Student-Study-Site\vendor\cakephp\cakephp\src\Database\Connection.php:418
- E:\NOAHS CODING PROJECTS\MonashRadiology\MonashHealth-Radiology-Student-Study-Site\vendor\cakephp\cakephp\src\ORM\Table.php:520
- E:\NOAHS CODING PROJECTS\MonashRadiology\MonashHealth-Radiology-Student-Study-Site\vendor\cakephp\cakephp\src\ORM\Query.php:290
- E:\NOAHS CODING PROJECTS\MonashRadiology\MonashHealth-Radiology-Student-Study-Site\vendor\cakephp\cakephp\src\ORM\Query.php:184
- E:\NOAHS CODING PROJECTS\MonashRadiology\MonashHealth-Radiology-Student-Study-Site\vendor\cakephp\cakephp\src\ORM\Table.php:1700
- E:\NOAHS CODING PROJECTS\MonashRadiology\MonashHealth-Radiology-Student-Study-Site\vendor\cakephp\authentication\src\Identifier\Resolver\OrmResolver.php:59
- E:\NOAHS CODING PROJECTS\MonashRadiology\MonashHealth-Radiology-Student-Study-Site\vendor\cakephp\authentication\src\Identifier\PasswordIdentifier.php:157
- E:\NOAHS CODING PROJECTS\MonashRadiology\MonashHealth-Radiology-Student-Study-Site\vendor\cakephp\authentication\src\Identifier\PasswordIdentifier.php:99
- E:\NOAHS CODING PROJECTS\MonashRadiology\MonashHealth-Radiology-Student-Study-Site\vendor\cakephp\authentication\src\Identifier\IdentifierCollection.php:52
- E:\NOAHS CODING PROJECTS\MonashRadiology\MonashHealth-Radiology-Student-Study-Site\vendor\cakephp\authentication\src\Authenticator\FormAuthenticator.php:131
- E:\NOAHS CODING PROJECTS\MonashRadiology\MonashHealth-Radiology-Student-Study-Site\vendor\cakephp\authentication\src\AuthenticationService.php:184
- E:\NOAHS CODING PROJECTS\MonashRadiology\MonashHealth-Radiology-Student-Study-Site\vendor\cakephp\authentication\src\Middleware\AuthenticationMiddleware.php:105
- E:\NOAHS CODING PROJECTS\MonashRadiology\MonashHealth-Radiology-Student-Study-Site\vendor\cakephp\cakephp\src\Http\Runner.php:82
- E:\NOAHS CODING PROJECTS\MonashRadiology\MonashHealth-Radiology-Student-Study-Site\vendor\cakephp\cakephp\src\Http\Middleware\CsrfProtectionMiddleware.php:174
- E:\NOAHS CODING PROJECTS\MonashRadiology\MonashHealth-Radiology-Student-Study-Site\vendor\cakephp\cakephp\src\Http\Runner.php:82
- E:\NOAHS CODING PROJECTS\MonashRadiology\MonashHealth-Radiology-Student-Study-Site\vendor\cakephp\cakephp\src\Http\Middleware\BodyParserMiddleware.php:162
- E:\NOAHS CODING PROJECTS\MonashRadiology\MonashHealth-Radiology-Student-Study-Site\vendor\cakephp\cakephp\src\Http\Runner.php:82
- E:\NOAHS CODING PROJECTS\MonashRadiology\MonashHealth-Radiology-Student-Study-Site\vendor\cakephp\cakephp\src\Routing\Middleware\RoutingMiddleware.php:186
- E:\NOAHS CODING PROJECTS\MonashRadiology\MonashHealth-Radiology-Student-Study-Site\vendor\cakephp\cakephp\src\Http\Runner.php:82
- E:\NOAHS CODING PROJECTS\MonashRadiology\MonashHealth-Radiology-Student-Study-Site\vendor\cakephp\cakephp\src\Routing\Middleware\AssetMiddleware.php:68
- E:\NOAHS CODING PROJECTS\MonashRadiology\MonashHealth-Radiology-Student-Study-Site\vendor\cakephp\cakephp\src\Http\Runner.php:82
- E:\NOAHS CODING PROJECTS\MonashRadiology\MonashHealth-Radiology-Student-Study-Site\vendor\cakephp\cakephp\src\Error\Middleware\ErrorHandlerMiddleware.php:131
- E:\NOAHS CODING PROJECTS\MonashRadiology\MonashHealth-Radiology-Student-Study-Site\vendor\cakephp\cakephp\src\Http\Runner.php:82
- E:\NOAHS CODING PROJECTS\MonashRadiology\MonashHealth-Radiology-Student-Study-Site\vendor\cakephp\debug_kit\src\Middleware\DebugKitMiddleware.php:60
- E:\NOAHS CODING PROJECTS\MonashRadiology\MonashHealth-Radiology-Student-Study-Site\vendor\cakephp\cakephp\src\Http\Runner.php:82
- E:\NOAHS CODING PROJECTS\MonashRadiology\MonashHealth-Radiology-Student-Study-Site\vendor\cakephp\cakephp\src\Http\Runner.php:67
- E:\NOAHS CODING PROJECTS\MonashRadiology\MonashHealth-Radiology-Student-Study-Site\vendor\cakephp\cakephp\src\Http\Server.php:90
- E:\NOAHS CODING PROJECTS\MonashRadiology\MonashHealth-Radiology-Student-Study-Site\webroot\index.php:40

Request URL: /auth/login?redirect=%2F
Referer URL: http://localhost:8765/auth/login?redirect=%2F
